# JRE version: OpenJDK Runtime Environment (11.0.8+10) (build 11.0.8+10-b944.6842174)
# Java VM: OpenJDK 64-Bit Server VM (11.0.8+10-b944.6842174, mixed mode, tiered, compressed oops, g1 gc, windows-amd64)
Heap:
 garbage-first heap   total 262144K, used 151509K [0x0000000080000000, 0x0000000100000000)
  region size 1024K, 73 young (74752K), 12 survivors (12288K)
 Metaspace       used 97607K, capacity 100163K, committed 100352K, reserved 1136640K
  class space    used 12304K, capacity 13202K, committed 13312K, reserved 1048576K
GC Heap History (20 events):
Event: 16.570 GC heap before
{Heap before GC invocations=4 (full 0):
 garbage-first heap   total 262144K, used 88892K [0x0000000080000000, 0x0000000100000000)
  region size 1024K, 73 young (74752K), 2 survivors (2048K)
 Metaspace       used 35061K, capacity 35811K, committed 35840K, reserved 1081344K
  class space    used 4563K, capacity 4854K, committed 4864K, reserved 1048576K
}
Event: 16.575 GC heap after
{Heap after GC invocations=5 (full 0):
 garbage-first heap   total 262144K, used 21084K [0x0000000080000000, 0x0000000100000000)
  region size 1024K, 6 young (6144K), 6 survivors (6144K)
 Metaspace       used 35061K, capacity 35811K, committed 35840K, reserved 1081344K
  class space    used 4563K, capacity 4854K, committed 4864K, reserved 1048576K
}
Event: 18.025 GC heap before
{Heap before GC invocations=6 (full 0):
 garbage-first heap   total 262144K, used 126556K [0x0000000080000000, 0x0000000100000000)
  region size 1024K, 106 young (108544K), 6 survivors (6144K)
 Metaspace       used 44152K, capacity 45207K, committed 45312K, reserved 1089536K
  class space    used 5668K, capacity 6043K, committed 6144K, reserved 1048576K
}
Event: 18.031 GC heap after
{Heap after GC invocations=7 (full 0):
 garbage-first heap   total 262144K, used 26536K [0x0000000080000000, 0x0000000100000000)
  region size 1024K, 11 young (11264K), 11 survivors (11264K)
 Metaspace       used 44152K, capacity 45207K, committed 45312K, reserved 1089536K
  class space    used 5668K, capacity 6043K, committed 6144K, reserved 1048576K
}
Event: 23.077 GC heap before
{Heap before GC invocations=7 (full 0):
 garbage-first heap   total 262144K, used 177064K [0x0000000080000000, 0x0000000100000000)
  region size 1024K, 153 young (156672K), 11 survivors (11264K)
 Metaspace       used 56219K, capacity 57712K, committed 57984K, reserved 1099776K
  class space    used 7160K, capacity 7714K, committed 7808K, reserved 1048576K
}
Event: 23.087 GC heap after
{Heap after GC invocations=8 (full 0):
 garbage-first heap   total 262144K, used 46653K [0x0000000080000000, 0x0000000100000000)
  region size 1024K, 20 young (20480K), 20 survivors (20480K)
 Metaspace       used 56219K, capacity 57712K, committed 57984K, reserved 1099776K
  class space    used 7160K, capacity 7714K, committed 7808K, reserved 1048576K
}
Event: 23.282 GC heap before
{Heap before GC invocations=8 (full 0):
 garbage-first heap   total 262144K, used 72253K [0x0000000080000000, 0x0000000100000000)
  region size 1024K, 46 young (47104K), 20 survivors (20480K)
 Metaspace       used 58557K, capacity 60062K, committed 60160K, reserved 1101824K
  class space    used 7442K, capacity 8020K, committed 8064K, reserved 1048576K
}
Event: 23.298 GC heap after
{Heap after GC invocations=9 (full 0):
 garbage-first heap   total 262144K, used 50725K [0x0000000080000000, 0x0000000100000000)
  region size 1024K, 5 young (5120K), 5 survivors (5120K)
 Metaspace       used 58557K, capacity 60062K, committed 60160K, reserved 1101824K
  class space    used 7442K, capacity 8020K, committed 8064K, reserved 1048576K
}
Event: 24.081 GC heap before
{Heap before GC invocations=10 (full 0):
 garbage-first heap   total 262144K, used 142885K [0x0000000080000000, 0x0000000100000000)
  region size 1024K, 95 young (97280K), 5 survivors (5120K)
 Metaspace       used 66038K, capacity 67640K, committed 67840K, reserved 1107968K
  class space    used 8549K, capacity 9106K, committed 9216K, reserved 1048576K
}
Event: 24.085 GC heap after
{Heap after GC invocations=11 (full 0):
 garbage-first heap   total 262144K, used 55678K [0x0000000080000000, 0x0000000100000000)
  region size 1024K, 10 young (10240K), 10 survivors (10240K)
 Metaspace       used 66038K, capacity 67640K, committed 67840K, reserved 1107968K
  class space    used 8549K, capacity 9106K, committed 9216K, reserved 1048576K
}
Event: 25.201 GC heap before
{Heap before GC invocations=11 (full 0):
 garbage-first heap   total 262144K, used 153982K [0x0000000080000000, 0x0000000100000000)
  region size 1024K, 106 young (108544K), 10 survivors (10240K)
 Metaspace       used 76275K, capacity 78048K, committed 78208K, reserved 1116160K
  class space    used 9932K, capacity 10586K, committed 10624K, reserved 1048576K
}
Event: 25.208 GC heap after
{Heap after GC invocations=12 (full 0):
 garbage-first heap   total 262144K, used 62423K [0x0000000080000000, 0x0000000100000000)
  region size 1024K, 14 young (14336K), 14 survivors (14336K)
 Metaspace       used 76275K, capacity 78048K, committed 78208K, reserved 1116160K
  class space    used 9932K, capacity 10586K, committed 10624K, reserved 1048576K
}
Event: 26.208 GC heap before
{Heap before GC invocations=12 (full 0):
 garbage-first heap   total 262144K, used 165847K [0x0000000080000000, 0x0000000100000000)
  region size 1024K, 115 young (117760K), 14 survivors (14336K)
 Metaspace       used 81814K, capacity 84072K, committed 84224K, reserved 1122304K
  class space    used 10655K, capacity 11495K, committed 11520K, reserved 1048576K
}
Event: 26.219 GC heap after
{Heap after GC invocations=13 (full 0):
 garbage-first heap   total 262144K, used 74038K [0x0000000080000000, 0x0000000100000000)
  region size 1024K, 15 young (15360K), 15 survivors (15360K)
 Metaspace       used 81814K, capacity 84072K, committed 84224K, reserved 1122304K
  class space    used 10655K, capacity 11495K, committed 11520K, reserved 1048576K
}
Event: 26.948 GC heap before
{Heap before GC invocations=13 (full 0):
 garbage-first heap   total 262144K, used 181558K [0x0000000080000000, 0x0000000100000000)
  region size 1024K, 113 young (115712K), 15 survivors (15360K)
 Metaspace       used 86015K, capacity 88368K, committed 88576K, reserved 1126400K
  class space    used 11107K, capacity 11969K, committed 12032K, reserved 1048576K
}
Event: 26.957 GC heap after
{Heap after GC invocations=14 (full 0):
 garbage-first heap   total 262144K, used 81181K [0x0000000080000000, 0x0000000100000000)
  region size 1024K, 8 young (8192K), 8 survivors (8192K)
 Metaspace       used 86015K, capacity 88368K, committed 88576K, reserved 1126400K
  class space    used 11107K, capacity 11969K, committed 12032K, reserved 1048576K
}
Event: 29.033 GC heap before
{Heap before GC invocations=14 (full 0):
 garbage-first heap   total 262144K, used 181533K [0x0000000080000000, 0x0000000100000000)
  region size 1024K, 107 young (109568K), 8 survivors (8192K)
 Metaspace       used 89815K, capacity 92192K, committed 92288K, reserved 1128448K
  class space    used 11511K, capacity 12385K, committed 12416K, reserved 1048576K
}
Event: 29.041 GC heap after
{Heap after GC invocations=15 (full 0):
 garbage-first heap   total 262144K, used 85950K [0x0000000080000000, 0x0000000100000000)
  region size 1024K, 12 young (12288K), 12 survivors (12288K)
 Metaspace       used 89815K, capacity 92192K, committed 92288K, reserved 1128448K
  class space    used 11511K, capacity 12385K, committed 12416K, reserved 1048576K
}
Event: 60.709 GC heap before
{Heap before GC invocations=15 (full 0):
 garbage-first heap   total 262144K, used 188350K [0x0000000080000000, 0x0000000100000000)
  region size 1024K, 113 young (115712K), 12 survivors (12288K)
 Metaspace       used 96717K, capacity 99169K, committed 99456K, reserved 1136640K
  class space    used 12230K, capacity 13141K, committed 13184K, reserved 1048576K
}
Event: 60.716 GC heap after
{Heap after GC invocations=16 (full 0):
 garbage-first heap   total 262144K, used 91093K [0x0000000080000000, 0x0000000100000000)
  region size 1024K, 12 young (12288K), 12 survivors (12288K)
 Metaspace       used 96717K, capacity 99169K, committed 99456K, reserved 1136640K
  class space    used 12230K, capacity 13141K, committed 13184K, reserved 1048576K
}

