# JRE version: OpenJDK Runtime Environment (11.0.8+10) (build 11.0.8+10-b944.6842174)
# Java VM: OpenJDK 64-Bit Server VM (11.0.8+10-b944.6842174, mixed mode, tiered, compressed oops, g1 gc, windows-amd64)
Heap:
 garbage-first heap   total 262144K, used 131249K [0x0000000080000000, 0x0000000100000000)
  region size 1024K, 27 young (27648K), 12 survivors (12288K)
 Metaspace       used 109610K, capacity 112954K, committed 113008K, reserved 1146880K
  class space    used 13971K, capacity 15094K, committed 15104K, reserved 1048576K
GC Heap History (20 events):
Event: 8.126 GC heap before
{Heap before GC invocations=8 (full 0):
 garbage-first heap   total 262144K, used 116291K [0x0000000080000000, 0x0000000100000000)
  region size 1024K, 69 young (70656K), 17 survivors (17408K)
 Metaspace       used 58068K, capacity 59796K, committed 59900K, reserved 1101824K
  class space    used 7413K, capacity 7997K, committed 8064K, reserved 1048576K
}
Event: 8.144 GC heap after
{Heap after GC invocations=9 (full 0):
 garbage-first heap   total 262144K, used 68077K [0x0000000080000000, 0x0000000100000000)
  region size 1024K, 5 young (5120K), 5 survivors (5120K)
 Metaspace       used 58068K, capacity 59796K, committed 59900K, reserved 1101824K
  class space    used 7413K, capacity 7997K, committed 8064K, reserved 1048576K
}
Event: 9.301 GC heap before
{Heap before GC invocations=10 (full 0):
 garbage-first heap   total 262144K, used 162285K [0x0000000080000000, 0x0000000100000000)
  region size 1024K, 97 young (99328K), 5 survivors (5120K)
 Metaspace       used 65194K, capacity 67016K, committed 67196K, reserved 1107968K
  class space    used 8280K, capacity 8894K, committed 8960K, reserved 1048576K
}
Event: 9.307 GC heap after
{Heap after GC invocations=11 (full 0):
 garbage-first heap   total 262144K, used 74838K [0x0000000080000000, 0x0000000100000000)
  region size 1024K, 11 young (11264K), 11 survivors (11264K)
 Metaspace       used 65194K, capacity 67016K, committed 67196K, reserved 1107968K
  class space    used 8280K, capacity 8894K, committed 8960K, reserved 1048576K
}
Event: 10.801 GC heap before
{Heap before GC invocations=11 (full 0):
 garbage-first heap   total 262144K, used 172118K [0x0000000080000000, 0x0000000100000000)
  region size 1024K, 106 young (108544K), 11 survivors (11264K)
 Metaspace       used 76299K, capacity 78271K, committed 78588K, reserved 1118208K
  class space    used 9841K, capacity 10517K, committed 10624K, reserved 1048576K
}
Event: 10.814 GC heap after
{Heap after GC invocations=12 (full 0):
 garbage-first heap   total 262144K, used 81183K [0x0000000080000000, 0x0000000100000000)
  region size 1024K, 7 young (7168K), 7 survivors (7168K)
 Metaspace       used 76299K, capacity 78271K, committed 78588K, reserved 1118208K
  class space    used 9841K, capacity 10517K, committed 10624K, reserved 1048576K
}
Event: 12.002 GC heap before
{Heap before GC invocations=12 (full 0):
 garbage-first heap   total 262144K, used 180511K [0x0000000080000000, 0x0000000100000000)
  region size 1024K, 104 young (106496K), 7 survivors (7168K)
 Metaspace       used 83391K, capacity 85550K, committed 85756K, reserved 1124352K
  class space    used 10887K, capacity 11611K, committed 11648K, reserved 1048576K
}
Event: 12.008 GC heap after
{Heap after GC invocations=13 (full 0):
 garbage-first heap   total 262144K, used 86719K [0x0000000080000000, 0x0000000100000000)
  region size 1024K, 13 young (13312K), 13 survivors (13312K)
 Metaspace       used 83391K, capacity 85550K, committed 85756K, reserved 1124352K
  class space    used 10887K, capacity 11611K, committed 11648K, reserved 1048576K
}
Event: 13.058 GC heap before
{Heap before GC invocations=13 (full 0):
 garbage-first heap   total 262144K, used 186047K [0x0000000080000000, 0x0000000100000000)
  region size 1024K, 111 young (113664K), 13 survivors (13312K)
 Metaspace       used 88622K, capacity 91135K, committed 91260K, reserved 1128448K
  class space    used 11595K, capacity 12434K, committed 12544K, reserved 1048576K
}
Event: 13.069 GC heap after
{Heap after GC invocations=14 (full 0):
 garbage-first heap   total 262144K, used 92905K [0x0000000080000000, 0x0000000100000000)
  region size 1024K, 12 young (12288K), 12 survivors (12288K)
 Metaspace       used 88622K, capacity 91135K, committed 91260K, reserved 1128448K
  class space    used 11595K, capacity 12434K, committed 12544K, reserved 1048576K
}
Event: 14.059 GC heap before
{Heap before GC invocations=14 (full 0):
 garbage-first heap   total 262144K, used 194281K [0x0000000080000000, 0x0000000100000000)
  region size 1024K, 111 young (113664K), 12 survivors (12288K)
 Metaspace       used 95766K, capacity 98540K, committed 98812K, reserved 1134592K
  class space    used 12454K, capacity 13376K, committed 13440K, reserved 1048576K
}
Event: 14.068 GC heap after
{Heap after GC invocations=15 (full 0):
 garbage-first heap   total 262144K, used 100946K [0x0000000080000000, 0x0000000100000000)
  region size 1024K, 14 young (14336K), 14 survivors (14336K)
 Metaspace       used 95766K, capacity 98540K, committed 98812K, reserved 1134592K
  class space    used 12454K, capacity 13376K, committed 13440K, reserved 1048576K
}
Event: 14.239 GC heap before
{Heap before GC invocations=15 (full 0):
 garbage-first heap   total 262144K, used 121426K [0x0000000080000000, 0x0000000100000000)
  region size 1024K, 36 young (36864K), 14 survivors (14336K)
 Metaspace       used 97300K, capacity 100060K, committed 100220K, reserved 1136640K
  class space    used 12610K, capacity 13541K, committed 13568K, reserved 1048576K
}
Event: 14.247 GC heap after
{Heap after GC invocations=16 (full 0):
 garbage-first heap   total 262144K, used 103543K [0x0000000080000000, 0x0000000100000000)
  region size 1024K, 3 young (3072K), 3 survivors (3072K)
 Metaspace       used 97300K, capacity 100060K, committed 100220K, reserved 1136640K
  class space    used 12610K, capacity 13541K, committed 13568K, reserved 1048576K
}
Event: 868.209 GC heap before
{Heap before GC invocations=17 (full 0):
 garbage-first heap   total 262144K, used 186487K [0x0000000080000000, 0x0000000100000000)
  region size 1024K, 84 young (86016K), 3 survivors (3072K)
 Metaspace       used 105403K, capacity 108527K, committed 108656K, reserved 1142784K
  class space    used 13434K, capacity 14471K, committed 14592K, reserved 1048576K
}
Event: 868.212 GC heap after
{Heap after GC invocations=18 (full 0):
 garbage-first heap   total 262144K, used 105082K [0x0000000080000000, 0x0000000100000000)
  region size 1024K, 4 young (4096K), 4 survivors (4096K)
 Metaspace       used 105403K, capacity 108527K, committed 108656K, reserved 1142784K
  class space    used 13434K, capacity 14471K, committed 14592K, reserved 1048576K
}
Event: 2038.692 GC heap before
{Heap before GC invocations=18 (full 0):
 garbage-first heap   total 262144K, used 192122K [0x0000000080000000, 0x0000000100000000)
  region size 1024K, 90 young (92160K), 4 survivors (4096K)
 Metaspace       used 106450K, capacity 109660K, committed 109808K, reserved 1144832K
  class space    used 13514K, capacity 14608K, committed 14720K, reserved 1048576K
}
Event: 2038.719 GC heap after
{Heap after GC invocations=19 (full 0):
 garbage-first heap   total 262144K, used 111122K [0x0000000080000000, 0x0000000100000000)
  region size 1024K, 10 young (10240K), 10 survivors (10240K)
 Metaspace       used 106450K, capacity 109660K, committed 109808K, reserved 1144832K
  class space    used 13514K, capacity 14608K, committed 14720K, reserved 1048576K
}
Event: 2040.391 GC heap before
{Heap before GC invocations=19 (full 0):
 garbage-first heap   total 262144K, used 197138K [0x0000000080000000, 0x0000000100000000)
  region size 1024K, 95 young (97280K), 10 survivors (10240K)
 Metaspace       used 108057K, capacity 111325K, committed 111600K, reserved 1146880K
  class space    used 13727K, capacity 14850K, committed 14976K, reserved 1048576K
}
Event: 2040.416 GC heap after
{Heap after GC invocations=20 (full 0):
 garbage-first heap   total 262144K, used 116913K [0x0000000080000000, 0x0000000100000000)
  region size 1024K, 12 young (12288K), 12 survivors (12288K)
 Metaspace       used 108057K, capacity 111325K, committed 111600K, reserved 1146880K
  class space    used 13727K, capacity 14850K, committed 14976K, reserved 1048576K
}

